\BOOKMARK [0][-]{chapter.1}{Introduction}{}% 1
\BOOKMARK [1][-]{section.1.1}{COVID-19\040Effects\040and\040Mobility\040Habits\040in\040Italy}{chapter.1}% 2
\BOOKMARK [1][-]{section.1.2}{Bike-Sharing\040Demand\040Determinants\040and\040the\040State\040of\040Public\040Transport\040Infrastructure\040in\040Italy}{chapter.1}% 3
\BOOKMARK [1][-]{section.1.3}{The\040Case\040for\040Promoting\040Bike\040Sharing}{chapter.1}% 4
\BOOKMARK [1][-]{section.1.4}{The\040Open\040Source\040Stack,\040Transparency\040and\040Reproducibility}{chapter.1}% 5
\BOOKMARK [1][-]{section.1.5}{References}{chapter.1}% 6
\BOOKMARK [0][-]{chapter.2}{Bike\040Sharing\040and\040BikeMi:\040A\040Literature\040Review}{}% 7
\BOOKMARK [1][-]{section.2.1}{A\040Brief\040History\040of\040Bike\040Sharing\040Services}{chapter.2}% 8
\BOOKMARK [1][-]{section.2.2}{The\040Challenges\040of\040Sharing\040Services\040and\040the\040Sharing\040Economy}{chapter.2}% 9
\BOOKMARK [1][-]{section.2.3}{The\040Elephant\040on\040the\040Sidewalk:\040Electric\040Scooters}{chapter.2}% 10
\BOOKMARK [1][-]{section.2.4}{Sharing\040Services\040in\040Milan:\040BikeMi\040and\040its\040Competitors}{chapter.2}% 11
\BOOKMARK [1][-]{section.2.5}{Competitors\040and\040Data\040in\040Our\040Analysis}{chapter.2}% 12
\BOOKMARK [1][-]{section.2.6}{BikeMi:\040a\040Review\040of\040the\040Literature}{chapter.2}% 13
\BOOKMARK [1][-]{section.2.7}{References}{chapter.2}% 14
\BOOKMARK [0][-]{chapter.3}{BikeMi\040Data}{}% 15
\BOOKMARK [1][-]{section.3.1}{Data\040Ingestion}{chapter.3}% 16
\BOOKMARK [1][-]{section.3.2}{Data\040Analysis}{chapter.3}% 17
\BOOKMARK [2][-]{subsection.3.2.1}{Usage\040Patterns\040and\040Origin-Destination\040Matrix}{section.3.2}% 18
\BOOKMARK [1][-]{section.3.3}{Spatial\040Data\040Analysis}{chapter.3}% 19
\BOOKMARK [2][-]{subsection.3.3.1}{Inspecting\040Stations\040with\040Zero\040Daily\040Rentals}{section.3.3}% 20
\BOOKMARK [2][-]{subsection.3.3.2}{Area\040of\040Analysis}{section.3.3}% 21
\BOOKMARK [1][-]{section.3.4}{References}{chapter.3}% 22
\BOOKMARK [0][-]{chapter.4}{BikeMi\040Stalls\040k-Means\040Clustering}{}% 23
\BOOKMARK [1][-]{section.4.1}{k-Means\040Clustering\040Review}{chapter.4}% 24
\BOOKMARK [2][-]{subsection.4.1.1}{k-Means\040Clusttering\040and\040its\040Shortcomings}{section.4.1}% 25
\BOOKMARK [2][-]{subsection.4.1.2}{Alternative\040Approaches\040to\040k-Means\040Clustering}{section.4.1}% 26
\BOOKMARK [1][-]{section.4.2}{k-Means\040Clustering\040Evaluation\040Metrics}{chapter.4}% 27
\BOOKMARK [1][-]{section.4.3}{Fitting\040k-Means\040on\040BikeMi\040Stalls\040Geographic\040Data}{chapter.4}% 28
